This is pdfTeX, Version 3.141592653-2.6-1.40.25 (TeX Live 2023/Debian) (preloaded format=pdflatex 2025.12.26)  27 JAN 2026 11:15
entering extended mode
 restricted \write18 enabled.
 %&-line parsing enabled.
**main.tex
(./main.tex
LaTeX2e <2023-11-01> patch level 1
L3 programming layer <2024-01-22>
(/usr/share/texlive/texmf-dist/tex/latex/base/article.cls
Document Class: article 2023/05/17 v1.4n Standard LaTeX document class
(/usr/share/texlive/texmf-dist/tex/latex/base/size10.clo
File: size10.clo 2023/05/17 v1.4n Standard LaTeX file (size option)
)
\c@part=\count187
\c@section=\count188
\c@subsection=\count189
\c@subsubsection=\count190
\c@paragraph=\count191
\c@subparagraph=\count192
\c@figure=\count193
\c@table=\count194
\abovecaptionskip=\skip48
\belowcaptionskip=\skip49
\bibindent=\dimen140
)
(/usr/share/texlive/texmf-dist/tex/latex/microtype/microtype.sty
Package: microtype 2023/03/13 v3.1a Micro-typographical refinements (RS)

(/usr/share/texlive/texmf-dist/tex/latex/graphics/keyval.sty
Package: keyval 2022/05/29 v1.15 key=value parser (DPC)
\KV@toks@=\toks17
)
(/usr/share/texlive/texmf-dist/tex/latex/etoolbox/etoolbox.sty
Package: etoolbox 2020/10/05 v2.5k e-TeX tools for LaTeX (JAW)
\etb@tempcnta=\count195
)
\MT@toks=\toks18
\MT@tempbox=\box51
\MT@count=\count196
LaTeX Info: Redefining \noprotrusionifhmode on input line 1059.
LaTeX Info: Redefining \leftprotrusion on input line 1060.
\MT@prot@toks=\toks19
LaTeX Info: Redefining \rightprotrusion on input line 1078.
LaTeX Info: Redefining \textls on input line 1368.
\MT@outer@kern=\dimen141
LaTeX Info: Redefining \textmicrotypecontext on input line 1988.
\MT@listname@count=\count197

(/usr/share/texlive/texmf-dist/tex/latex/microtype/microtype-pdftex.def
File: microtype-pdftex.def 2023/03/13 v3.1a Definitions specific to pdftex (RS)

LaTeX Info: Redefining \lsstyle on input line 902.
LaTeX Info: Redefining \lslig on input line 902.
\MT@outer@space=\skip50
)
Package microtype Info: Loading configuration file microtype.cfg.

(/usr/share/texlive/texmf-dist/tex/latex/microtype/microtype.cfg
File: microtype.cfg 2023/03/13 v3.1a microtype main configuration file (RS)
))
(/usr/share/texlive/texmf-dist/tex/latex/graphics/graphicx.sty
Package: graphicx 2021/09/16 v1.2d Enhanced LaTeX Graphics (DPC,SPQR)

(/usr/share/texlive/texmf-dist/tex/latex/graphics/graphics.sty
Package: graphics 2022/03/10 v1.4e Standard LaTeX Graphics (DPC,SPQR)

(/usr/share/texlive/texmf-dist/tex/latex/graphics/trig.sty
Package: trig 2021/08/11 v1.11 sin cos tan (DPC)
)
(/usr/share/texlive/texmf-dist/tex/latex/graphics-cfg/graphics.cfg
File: graphics.cfg 2016/06/04 v1.11 sample graphics configuration
)
Package graphics Info: Driver file: pdftex.def on input line 107.

(/usr/share/texlive/texmf-dist/tex/latex/graphics-def/pdftex.def
File: pdftex.def 2022/09/22 v1.2b Graphics/color driver for pdftex
))
\Gin@req@height=\dimen142
\Gin@req@width=\dimen143
)
(/usr/share/texlive/texmf-dist/tex/latex/caption/subcaption.sty
Package: subcaption 2023/07/28 v1.6b Sub-captions (AR)

(/usr/share/texlive/texmf-dist/tex/latex/caption/caption.sty
Package: caption 2023/08/05 v3.6o Customizing captions (AR)

(/usr/share/texlive/texmf-dist/tex/latex/caption/caption3.sty
Package: caption3 2023/07/31 v2.4d caption3 kernel (AR)
\caption@tempdima=\dimen144
\captionmargin=\dimen145
\caption@leftmargin=\dimen146
\caption@rightmargin=\dimen147
\caption@width=\dimen148
\caption@indent=\dimen149
\caption@parindent=\dimen150
\caption@hangindent=\dimen151
Package caption Info: Standard document class detected.
)
\c@caption@flags=\count198
\c@continuedfloat=\count199
)
Package caption Info: New subtype `subfigure' on input line 238.
\c@subfigure=\count266
Package caption Info: New subtype `subtable' on input line 238.
\c@subtable=\count267
)
(/usr/share/texlive/texmf-dist/tex/latex/booktabs/booktabs.sty
Package: booktabs 2020/01/12 v1.61803398 Publication quality tables
\heavyrulewidth=\dimen152
\lightrulewidth=\dimen153
\cmidrulewidth=\dimen154
\belowrulesep=\dimen155
\belowbottomsep=\dimen156
\aboverulesep=\dimen157
\abovetopsep=\dimen158
\cmidrulesep=\dimen159
\cmidrulekern=\dimen160
\defaultaddspace=\dimen161
\@cmidla=\count268
\@cmidlb=\count269
\@aboverulesep=\dimen162
\@belowrulesep=\dimen163
\@thisruleclass=\count270
\@lastruleclass=\count271
\@thisrulewidth=\dimen164
) (./icml2026.sty
Package: icml2026 2025/10/29 v2.0 ICML Conference Style File
(/usr/share/texlive/texmf-dist/tex/latex/psnfss/times.sty
Package: times 2020/03/25 PSNFSS-v9.3 (SPQR) 
)
(/usr/share/texlive/texmf-dist/tex/latex/fancyhdr/fancyhdr.sty
Package: fancyhdr 2022/11/09 v4.1 Extensive control of page headers and footers

\f@nch@headwidth=\skip51
\f@nch@O@elh=\skip52
\f@nch@O@erh=\skip53
\f@nch@O@olh=\skip54
\f@nch@O@orh=\skip55
\f@nch@O@elf=\skip56
\f@nch@O@erf=\skip57
\f@nch@O@olf=\skip58
\f@nch@O@orf=\skip59
)
(/usr/share/texlive/texmf-dist/tex/latex/xcolor/xcolor.sty
Package: xcolor 2023/11/15 v3.01 LaTeX color extensions (UK)

(/usr/share/texlive/texmf-dist/tex/latex/graphics-cfg/color.cfg
File: color.cfg 2016/01/02 v1.6 sample color configuration
)
Package xcolor Info: Driver file: pdftex.def on input line 274.

(/usr/share/texlive/texmf-dist/tex/latex/graphics/mathcolor.ltx)
Package xcolor Info: Model `cmy' substituted by `cmy0' on input line 1350.
Package xcolor Info: Model `hsb' substituted by `rgb' on input line 1354.
Package xcolor Info: Model `RGB' extended on input line 1366.
Package xcolor Info: Model `HTML' substituted by `rgb' on input line 1368.
Package xcolor Info: Model `Hsb' substituted by `hsb' on input line 1369.
Package xcolor Info: Model `tHsb' substituted by `hsb' on input line 1370.
Package xcolor Info: Model `HSB' substituted by `hsb' on input line 1371.
Package xcolor Info: Model `Gray' substituted by `gray' on input line 1372.
Package xcolor Info: Model `wave' substituted by `hsb' on input line 1373.
)
(/usr/share/texlive/texmf-dist/tex/latex/algorithms/algorithm.sty
Package: algorithm 2009/08/24 v0.1 Document Style `algorithm' - floating enviro
nment

(/usr/share/texlive/texmf-dist/tex/latex/float/float.sty
Package: float 2001/11/08 v1.3d Float enhancements (AL)
\c@float@type=\count272
\float@exts=\toks20
\float@box=\box52
\@float@everytoks=\toks21
\@floatcapt=\box53
)
(/usr/share/texlive/texmf-dist/tex/latex/base/ifthen.sty
Package: ifthen 2022/04/13 v1.1d Standard LaTeX ifthen package (DPC)
)
\@float@every@algorithm=\toks22
\c@algorithm=\count273
)
(/usr/share/texlive/texmf-dist/tex/latex/algorithms/algorithmic.sty
Package: algorithmic 2009/08/24 v0.1 Document Style `algorithmic'
\c@ALC@unique=\count274
\c@ALC@line=\count275
\c@ALC@rem=\count276
\c@ALC@depth=\count277
\ALC@tlm=\skip60
\algorithmicindent=\skip61
)
(/usr/share/texlive/texmf-dist/tex/latex/natbib/natbib.sty
Package: natbib 2010/09/13 8.31b (PWD, AO)
\bibhang=\skip62
\bibsep=\skip63
LaTeX Info: Redefining \cite on input line 694.
\c@NAT@ctr=\count278
)
(/usr/share/texlive/texmf-dist/tex/latex/eso-pic/eso-pic.sty
Package: eso-pic 2023/05/03 v3.0c eso-pic (RN)
\ESO@tempdima=\dimen165
\ESO@tempdimb=\dimen166
)
(/usr/share/texlive/texmf-dist/tex/latex/forloop/forloop.sty
Package: forloop 2023/05/03 v3.0 For Loops for LaTeX
)
(/usr/share/texlive/texmf-dist/tex/latex/url/url.sty
\Urlmuskip=\muskip16
Package: url 2013/09/16  ver 3.4  Verb mode for urls, etc.
)
\titrun=\box54
\c@@affiliationcounter=\count279
\c@@affilnum=\count280
\icmlrulerbox=\box55
\icmlrulercount=\count281
\icmlruleroffset=\dimen167
\cv@lineheight=\dimen168
\cv@boxheight=\dimen169
\cv@tmpbox=\box56
\cv@refno=\count282
\cv@tot=\count283
\cv@tmpc@=\count284
\cv@tmpc=\count285
)
(/usr/share/texlive/texmf-dist/tex/latex/hyperref/hyperref.sty
Package: hyperref 2024-01-20 v7.01h Hypertext links for LaTeX

(/usr/share/texlive/texmf-dist/tex/generic/iftex/iftex.sty
Package: iftex 2022/02/03 v1.0f TeX engine tests
)
(/usr/share/texlive/texmf-dist/tex/latex/kvsetkeys/kvsetkeys.sty
Package: kvsetkeys 2022-10-05 v1.19 Key value parser (HO)
)
(/usr/share/texlive/texmf-dist/tex/generic/kvdefinekeys/kvdefinekeys.sty
Package: kvdefinekeys 2019-12-19 v1.6 Define keys (HO)
)
(/usr/share/texlive/texmf-dist/tex/generic/pdfescape/pdfescape.sty
Package: pdfescape 2019/12/09 v1.15 Implements pdfTeX's escape features (HO)

(/usr/share/texlive/texmf-dist/tex/generic/ltxcmds/ltxcmds.sty
Package: ltxcmds 2023-12-04 v1.26 LaTeX kernel commands for general use (HO)
)
(/usr/share/texlive/texmf-dist/tex/generic/pdftexcmds/pdftexcmds.sty
Package: pdftexcmds 2020-06-27 v0.33 Utility functions of pdfTeX for LuaTeX (HO
)

(/usr/share/texlive/texmf-dist/tex/generic/infwarerr/infwarerr.sty
Package: infwarerr 2019/12/03 v1.5 Providing info/warning/error messages (HO)
)
Package pdftexcmds Info: \pdf@primitive is available.
Package pdftexcmds Info: \pdf@ifprimitive is available.
Package pdftexcmds Info: \pdfdraftmode found.
))
(/usr/share/texlive/texmf-dist/tex/latex/hycolor/hycolor.sty
Package: hycolor 2020-01-27 v1.10 Color options for hyperref/bookmark (HO)
)
(/usr/share/texlive/texmf-dist/tex/latex/auxhook/auxhook.sty
Package: auxhook 2019-12-17 v1.6 Hooks for auxiliary files (HO)
)
(/usr/share/texlive/texmf-dist/tex/latex/hyperref/nameref.sty
Package: nameref 2023-11-26 v2.56 Cross-referencing by name of section

(/usr/share/texlive/texmf-dist/tex/latex/refcount/refcount.sty
Package: refcount 2019/12/15 v3.6 Data extraction from label references (HO)
)
(/usr/share/texlive/texmf-dist/tex/generic/gettitlestring/gettitlestring.sty
Package: gettitlestring 2019/12/15 v1.6 Cleanup title references (HO)

(/usr/share/texlive/texmf-dist/tex/latex/kvoptions/kvoptions.sty
Package: kvoptions 2022-06-15 v3.15 Key value format for package options (HO)
))
\c@section@level=\count286
)
\@linkdim=\dimen170
\Hy@linkcounter=\count287
\Hy@pagecounter=\count288

(/usr/share/texlive/texmf-dist/tex/latex/hyperref/pd1enc.def
File: pd1enc.def 2024-01-20 v7.01h Hyperref: PDFDocEncoding definition (HO)
Now handling font encoding PD1 ...
... no UTF-8 mapping file for font encoding PD1
)
(/usr/share/texlive/texmf-dist/tex/generic/intcalc/intcalc.sty
Package: intcalc 2019/12/15 v1.3 Expandable calculations with integers (HO)
)
\Hy@SavedSpaceFactor=\count289

(/usr/share/texlive/texmf-dist/tex/latex/hyperref/puenc.def
File: puenc.def 2024-01-20 v7.01h Hyperref: PDF Unicode definition (HO)
Now handling font encoding PU ...
... no UTF-8 mapping file for font encoding PU
)
Package hyperref Info: Hyper figures OFF on input line 4179.
Package hyperref Info: Link nesting OFF on input line 4184.
Package hyperref Info: Hyper index ON on input line 4187.
Package hyperref Info: Plain pages OFF on input line 4194.
Package hyperref Info: Backreferencing OFF on input line 4199.
Package hyperref Info: Implicit mode ON; LaTeX internals redefined.
Package hyperref Info: Bookmarks ON on input line 4446.
\c@Hy@tempcnt=\count290
LaTeX Info: Redefining \url on input line 4784.
\XeTeXLinkMargin=\dimen171

(/usr/share/texlive/texmf-dist/tex/generic/bitset/bitset.sty
Package: bitset 2019/12/09 v1.3 Handle bit-vector datatype (HO)

(/usr/share/texlive/texmf-dist/tex/generic/bigintcalc/bigintcalc.sty
Package: bigintcalc 2019/12/15 v1.5 Expandable calculations on big integers (HO
)
))
\Fld@menulength=\count291
\Field@Width=\dimen172
\Fld@charsize=\dimen173
Package hyperref Info: Hyper figures OFF on input line 6063.
Package hyperref Info: Link nesting OFF on input line 6068.
Package hyperref Info: Hyper index ON on input line 6071.
Package hyperref Info: backreferencing OFF on input line 6078.
Package hyperref Info: Link coloring OFF on input line 6083.
Package hyperref Info: Link coloring with OCG OFF on input line 6088.
Package hyperref Info: PDF/A mode OFF on input line 6093.

(/usr/share/texlive/texmf-dist/tex/latex/base/atbegshi-ltx.sty
Package: atbegshi-ltx 2021/01/10 v1.0c Emulation of the original atbegshi
package with kernel methods
)
\Hy@abspage=\count292
\c@Item=\count293
\c@Hfootnote=\count294
)
Package hyperref Info: Driver (autodetected): hpdftex.

(/usr/share/texlive/texmf-dist/tex/latex/hyperref/hpdftex.def
File: hpdftex.def 2024-01-20 v7.01h Hyperref driver for pdfTeX

(/usr/share/texlive/texmf-dist/tex/latex/base/atveryend-ltx.sty
Package: atveryend-ltx 2020/08/19 v1.0a Emulation of the original atveryend pac
kage
with kernel methods
)
\Fld@listcount=\count295
\c@bookmark@seq@number=\count296

(/usr/share/texlive/texmf-dist/tex/latex/rerunfilecheck/rerunfilecheck.sty
Package: rerunfilecheck 2022-07-10 v1.10 Rerun checks for auxiliary files (HO)

(/usr/share/texlive/texmf-dist/tex/generic/uniquecounter/uniquecounter.sty
Package: uniquecounter 2019/12/15 v1.4 Provide unlimited unique counter (HO)
)
Package uniquecounter Info: New unique counter `rerunfilecheck' on input line 2
85.
)
\Hy@SectionHShift=\skip64
)
(/usr/share/texlive/texmf-dist/tex/latex/amsmath/amsmath.sty
Package: amsmath 2023/05/13 v2.17o AMS math features
\@mathmargin=\skip65

For additional information on amsmath, use the `?' option.
(/usr/share/texlive/texmf-dist/tex/latex/amsmath/amstext.sty
Package: amstext 2021/08/26 v2.01 AMS text

(/usr/share/texlive/texmf-dist/tex/latex/amsmath/amsgen.sty
File: amsgen.sty 1999/11/30 v2.0 generic functions
\@emptytoks=\toks23
\ex@=\dimen174
))
(/usr/share/texlive/texmf-dist/tex/latex/amsmath/amsbsy.sty
Package: amsbsy 1999/11/29 v1.2d Bold Symbols
\pmbraise@=\dimen175
)
(/usr/share/texlive/texmf-dist/tex/latex/amsmath/amsopn.sty
Package: amsopn 2022/04/08 v2.04 operator names
)
\inf@bad=\count297
LaTeX Info: Redefining \frac on input line 234.
\uproot@=\count298
\leftroot@=\count299
LaTeX Info: Redefining \overline on input line 399.
LaTeX Info: Redefining \colon on input line 410.
\classnum@=\count300
\DOTSCASE@=\count301
LaTeX Info: Redefining \ldots on input line 496.
LaTeX Info: Redefining \dots on input line 499.
LaTeX Info: Redefining \cdots on input line 620.
\Mathstrutbox@=\box57
\strutbox@=\box58
LaTeX Info: Redefining \big on input line 722.
LaTeX Info: Redefining \Big on input line 723.
LaTeX Info: Redefining \bigg on input line 724.
LaTeX Info: Redefining \Bigg on input line 725.
\big@size=\dimen176
LaTeX Font Info:    Redeclaring font encoding OML on input line 743.
LaTeX Font Info:    Redeclaring font encoding OMS on input line 744.
\macc@depth=\count302
LaTeX Info: Redefining \bmod on input line 905.
LaTeX Info: Redefining \pmod on input line 910.
LaTeX Info: Redefining \smash on input line 940.
LaTeX Info: Redefining \relbar on input line 970.
LaTeX Info: Redefining \Relbar on input line 971.
\c@MaxMatrixCols=\count303
\dotsspace@=\muskip17
\c@parentequation=\count304
\dspbrk@lvl=\count305
\tag@help=\toks24
\row@=\count306
\column@=\count307
\maxfields@=\count308
\andhelp@=\toks25
\eqnshift@=\dimen177
\alignsep@=\dimen178
\tagshift@=\dimen179
\tagwidth@=\dimen180
\totwidth@=\dimen181
\lineht@=\dimen182
\@envbody=\toks26
\multlinegap=\skip66
\multlinetaggap=\skip67
\mathdisplay@stack=\toks27
LaTeX Info: Redefining \[ on input line 2953.
LaTeX Info: Redefining \] on input line 2954.
)
(/usr/share/texlive/texmf-dist/tex/latex/amsfonts/amssymb.sty
Package: amssymb 2013/01/14 v3.01 AMS font symbols

(/usr/share/texlive/texmf-dist/tex/latex/amsfonts/amsfonts.sty
Package: amsfonts 2013/01/14 v3.01 Basic AMSFonts support
\symAMSa=\mathgroup4
\symAMSb=\mathgroup5
LaTeX Font Info:    Redeclaring math symbol \hbar on input line 98.
LaTeX Font Info:    Overwriting math alphabet `\mathfrak' in version `bold'
(Font)                  U/euf/m/n --> U/euf/b/n on input line 106.
))
(/usr/share/texlive/texmf-dist/tex/latex/mathtools/mathtools.sty
Package: mathtools 2022/06/29 v1.29 mathematical typesetting tools

(/usr/share/texlive/texmf-dist/tex/latex/tools/calc.sty
Package: calc 2023/07/08 v4.3 Infix arithmetic (KKT,FJ)
\calc@Acount=\count309
\calc@Bcount=\count310
\calc@Adimen=\dimen183
\calc@Bdimen=\dimen184
\calc@Askip=\skip68
\calc@Bskip=\skip69
LaTeX Info: Redefining \setlength on input line 80.
LaTeX Info: Redefining \addtolength on input line 81.
\calc@Ccount=\count311
\calc@Cskip=\skip70
)
(/usr/share/texlive/texmf-dist/tex/latex/mathtools/mhsetup.sty
Package: mhsetup 2021/03/18 v1.4 programming setup (MH)
)
\g_MT_multlinerow_int=\count312
\l_MT_multwidth_dim=\dimen185
\origjot=\skip71
\l_MT_shortvdotswithinadjustabove_dim=\dimen186
\l_MT_shortvdotswithinadjustbelow_dim=\dimen187
\l_MT_above_intertext_sep=\dimen188
\l_MT_below_intertext_sep=\dimen189
\l_MT_above_shortintertext_sep=\dimen190
\l_MT_below_shortintertext_sep=\dimen191
\xmathstrut@box=\box59
\xmathstrut@dim=\dimen192
)
(/usr/share/texlive/texmf-dist/tex/latex/amscls/amsthm.sty
Package: amsthm 2020/05/29 v2.20.6
\thm@style=\toks28
\thm@bodyfont=\toks29
\thm@headfont=\toks30
\thm@notefont=\toks31
\thm@headpunct=\toks32
\thm@preskip=\skip72
\thm@postskip=\skip73
\thm@headsep=\skip74
\dth@everypar=\toks33
)
(/usr/share/texlive/texmf-dist/tex/latex/placeins/placeins.sty
Package: placeins 2005/04/18  v 2.2
)
LaTeX Font Info:    Trying to load font information for OT1+ptm on input line 1
5.

(/usr/share/texlive/texmf-dist/tex/latex/psnfss/ot1ptm.fd
File: ot1ptm.fd 2001/06/04 font definitions for OT1/ptm.
)
(/usr/share/texlive/texmf-dist/tex/latex/l3backend/l3backend-pdftex.def
File: l3backend-pdftex.def 2024-01-04 L3 backend support: PDF output (pdfTeX)
\l__color_backend_stack_int=\count313
\l__pdf_internal_box=\box60
)
(./main.aux)
\openout1 = `main.aux'.

LaTeX Font Info:    Checking defaults for OML/cmm/m/it on input line 15.
LaTeX Font Info:    ... okay on input line 15.
LaTeX Font Info:    Checking defaults for OMS/cmsy/m/n on input line 15.
LaTeX Font Info:    ... okay on input line 15.
LaTeX Font Info:    Checking defaults for OT1/cmr/m/n on input line 15.
LaTeX Font Info:    ... okay on input line 15.
LaTeX Font Info:    Checking defaults for T1/cmr/m/n on input line 15.
LaTeX Font Info:    ... okay on input line 15.
LaTeX Font Info:    Checking defaults for TS1/cmr/m/n on input line 15.
LaTeX Font Info:    ... okay on input line 15.
LaTeX Font Info:    Checking defaults for OMX/cmex/m/n on input line 15.
LaTeX Font Info:    ... okay on input line 15.
LaTeX Font Info:    Checking defaults for U/cmr/m/n on input line 15.
LaTeX Font Info:    ... okay on input line 15.
LaTeX Font Info:    Checking defaults for PD1/pdf/m/n on input line 15.
LaTeX Font Info:    ... okay on input line 15.
LaTeX Font Info:    Checking defaults for PU/pdf/m/n on input line 15.
LaTeX Font Info:    ... okay on input line 15.
LaTeX Info: Redefining \microtypecontext on input line 15.
Package microtype Info: Applying patch `item' on input line 15.
Package microtype Info: Applying patch `toc' on input line 15.
Package microtype Info: Applying patch `eqnum' on input line 15.
Package microtype Info: Applying patch `footnote' on input line 15.
Package microtype Info: Applying patch `verbatim' on input line 15.
Package microtype Info: Generating PDF output.
Package microtype Info: Character protrusion enabled (level 2).
Package microtype Info: Using default protrusion set `alltext'.
Package microtype Info: Automatic font expansion enabled (level 2),
(microtype)             stretch: 20, shrink: 20, step: 1, non-selected.
Package microtype Info: Using default expansion set `alltext-nott'.
LaTeX Info: Redefining \showhyphens on input line 15.
Package microtype Info: No adjustment of tracking.
Package microtype Info: No adjustment of interword spacing.
Package microtype Info: No adjustment of character kerning.
 (/usr/share/texlive/texmf-dist/tex/latex/microtype/mt-ptm.cfg
File: mt-ptm.cfg 2006/04/20 v1.7 microtype config. file: Times (RS)
)
(/usr/share/texlive/texmf-dist/tex/context/base/mkii/supp-pdf.mkii
[Loading MPS to PDF converter (version 2006.09.02).]
\scratchcounter=\count314
\scratchdimen=\dimen193
\scratchbox=\box61
\nofMPsegments=\count315
\nofMParguments=\count316
\everyMPshowfont=\toks34
\MPscratchCnt=\count317
\MPscratchDim=\dimen194
\MPnumerator=\count318
\makeMPintoPDFobject=\count319
\everyMPtoPDFconversion=\toks35
) (/usr/share/texlive/texmf-dist/tex/latex/epstopdf-pkg/epstopdf-base.sty
Package: epstopdf-base 2020-01-24 v2.11 Base part for package epstopdf
Package epstopdf-base Info: Redefining graphics rule for `.eps' on input line 4
85.

(/usr/share/texlive/texmf-dist/tex/latex/latexconfig/epstopdf-sys.cfg
File: epstopdf-sys.cfg 2010/07/13 v1.3 Configuration of (r)epstopdf for TeX Liv
e
))
Package caption Info: Begin \AtBeginDocument code.
Package caption Info: float package is loaded.
Package caption Info: hyperref package is loaded.
Package caption Info: End \AtBeginDocument code.
Package hyperref Info: Link coloring OFF on input line 15.

(./main.out) (./main.out)
\@outlinefile=\write3
\openout3 = `main.out'.

\c@@affil@anon=\count320

(/usr/share/texlive/texmf-dist/tex/latex/microtype/mt-cmr.cfg
File: mt-cmr.cfg 2013/05/19 v2.2 microtype config. file: Computer Modern Roman 
(RS)
)
LaTeX Font Info:    Trying to load font information for U+msa on input line 29.


(/usr/share/texlive/texmf-dist/tex/latex/amsfonts/umsa.fd
File: umsa.fd 2013/01/14 v3.01 AMS symbols A
)
(/usr/share/texlive/texmf-dist/tex/latex/microtype/mt-msa.cfg
File: mt-msa.cfg 2006/02/04 v1.1 microtype config. file: AMS symbols (a) (RS)
)
LaTeX Font Info:    Trying to load font information for U+msb on input line 29.


(/usr/share/texlive/texmf-dist/tex/latex/amsfonts/umsb.fd
File: umsb.fd 2013/01/14 v3.01 AMS symbols B
)
(/usr/share/texlive/texmf-dist/tex/latex/microtype/mt-msb.cfg
File: mt-msb.cfg 2005/06/01 v1.0 microtype config. file: AMS symbols (b) (RS)
)

Package hyperref Warning: Ignoring empty anchor on input line 31.

LaTeX Font Info:    Trying to load font information for OML+ptm on input line 3
1.
(/usr/share/texlive/texmf-dist/tex/latex/psnfss/omlptm.fd
File: omlptm.fd 
)
LaTeX Font Info:    Font shape `OML/ptm/m/n' in size <9> not available
(Font)              Font shape `OML/cmm/m/it' tried instead on input line 31.
LaTeX Font Info:    Trying to load font information for TS1+ptm on input line 4
6.

(/usr/share/texlive/texmf-dist/tex/latex/psnfss/ts1ptm.fd
File: ts1ptm.fd 2001/06/04 font definitions for TS1/ptm.
) [1{/var/lib/texmf/fonts/map/pdftex/updmap/pdftex.map}{/usr/share/texlive/texm
f-dist/fonts/enc/dvips/base/8r.enc}



]
Underfull \vbox (badness 10000) has occurred while \output is active []

<../figures/SSDC_section_41.pdf, id=150, 313.4331pt x 224.57362pt>
File: ../figures/SSDC_section_41.pdf Graphic file (type pdf)
<use ../figures/SSDC_section_41.pdf>
Package pdftex.def Info: ../figures/SSDC_section_41.pdf  used on input line 116
.
(pdftex.def)             Requested size: 187.90271pt x 134.63554pt.

Underfull \vbox (badness 7796) has occurred while \output is active []

 [2]
<../figures/SSDC_section_42.pdf, id=164, 326.38965pt x 228.00833pt>
File: ../figures/SSDC_section_42.pdf Graphic file (type pdf)
<use ../figures/SSDC_section_42.pdf>
Package pdftex.def Info: ../figures/SSDC_section_42.pdf  used on input line 141
.
(pdftex.def)             Requested size: 199.64731pt x 139.47452pt.
<../figures/layer_0_untrained_RPI.png, id=165, 462.528pt x 346.896pt>
File: ../figures/layer_0_untrained_RPI.png Graphic file (type png)
<use ../figures/layer_0_untrained_RPI.png>
Package pdftex.def Info: ../figures/layer_0_untrained_RPI.png  used on input li
ne 151.
(pdftex.def)             Requested size: 84.55603pt x 63.41252pt.

Underfull \hbox (badness 3291) in paragraph at lines 152--152
\OT1/ptm/m/n/9 (+20) Model with Ran-dom
 []

<../figures/layer_2_untrained_RPI.png, id=167, 462.528pt x 346.896pt>
File: ../figures/layer_2_untrained_RPI.png Graphic file (type png)
<use ../figures/layer_2_untrained_RPI.png>
Package pdftex.def Info: ../figures/layer_2_untrained_RPI.png  used on input li
ne 158.
(pdftex.def)             Requested size: 84.55603pt x 63.41252pt.

Underfull \hbox (badness 3291) in paragraph at lines 159--159
\OT1/ptm/m/n/9 (+20) Model with Ran-dom
 []

<../figures/layer_0_ablated.png, id=168, 462.528pt x 346.896pt>
File: ../figures/layer_0_ablated.png Graphic file (type png)
<use ../figures/layer_0_ablated.png>
Package pdftex.def Info: ../figures/layer_0_ablated.png  used on input line 165
.
(pdftex.def)             Requested size: 84.55603pt x 63.41252pt.

Underfull \hbox (badness 10000) in paragraph at lines 166--166
[]\OT1/ptm/m/it/9 (+20) (c) |\OT1/ptm/m/n/9 (+20) Trained Ab-lated
 []

<../figures/layer_2_ablated.png, id=169, 462.528pt x 346.896pt>
File: ../figures/layer_2_ablated.png Graphic file (type png)
<use ../figures/layer_2_ablated.png>
Package pdftex.def Info: ../figures/layer_2_ablated.png  used on input line 172
.
(pdftex.def)             Requested size: 84.55603pt x 63.41252pt.

Underfull \hbox (badness 10000) in paragraph at lines 173--173
[]\OT1/ptm/m/it/9 (+20) (d) |\OT1/ptm/m/n/9 (+20) Trained Ab-lated
 []

<../figures/ERM_section_43.pdf, id=170, 319.01646pt x 224.57362pt>
File: ../figures/ERM_section_43.pdf Graphic file (type pdf)
<use ../figures/ERM_section_43.pdf>
Package pdftex.def Info: ../figures/ERM_section_43.pdf  used on input line 185.

(pdftex.def)             Requested size: 214.64308pt x 151.09747pt.
<../figures/MCS_section_43.pdf, id=171, 319.17519pt x 224.57362pt>
File: ../figures/MCS_section_43.pdf Graphic file (type pdf)
<use ../figures/MCS_section_43.pdf>
Package pdftex.def Info: ../figures/MCS_section_43.pdf  used on input line 191.

(pdftex.def)             Requested size: 214.64308pt x 151.02208pt.
[3 <../figures/SSDC_section_41.pdf> <../figures/SSDC_section_42.pdf> <../figure
s/layer_0_untrained_RPI.png> <../figures/layer_2_untrained_RPI.png> <../figures
/layer_0_ablated.png> <../figures/layer_2_ablated.png>]
Underfull \vbox (badness 10000) has occurred while \output is active []

<../figures/SSDC_section_44.pdf, id=204, 326.38965pt x 228.00833pt>
File: ../figures/SSDC_section_44.pdf Graphic file (type pdf)
<use ../figures/SSDC_section_44.pdf>
Package pdftex.def Info: ../figures/SSDC_section_44.pdf  used on input line 221
.
(pdftex.def)             Requested size: 187.90271pt x 131.26727pt.
<../figures/layer_2_perm_int.png, id=205, 462.528pt x 346.896pt>
File: ../figures/layer_2_perm_int.png Graphic file (type png)
<use ../figures/layer_2_perm_int.png>
Package pdftex.def Info: ../figures/layer_2_perm_int.png  used on input line 23
1.
(pdftex.def)             Requested size: 110.3927pt x 82.79092pt.

Underfull \hbox (badness 1087) in paragraph at lines 232--232
[]\OT1/ptm/m/it/9 (+20) (a) |\OT1/ptm/m/n/9 (+20) To-ken Co-sine Sim-i-lar-ity
 []

<../figures/layer_2_perm_abl.png, id=206, 462.528pt x 346.896pt>
File: ../figures/layer_2_perm_abl.png Graphic file (type png)
<use ../figures/layer_2_perm_abl.png>
Package pdftex.def Info: ../figures/layer_2_perm_abl.png  used on input line 23
8.
(pdftex.def)             Requested size: 110.3927pt x 82.79092pt.

Underfull \hbox (badness 1087) in paragraph at lines 239--239
[]\OT1/ptm/m/it/9 (+20) (b) |\OT1/ptm/m/n/9 (+20) To-ken Co-sine Sim-i-lar-ity
 []


Underfull \vbox (badness 10000) has occurred while \output is active []

 [4 <../figures/ERM_section_43.pdf> <../figures/MCS_section_43.pdf>]
Underfull \vbox (badness 2189) has occurred while \output is active []


Underfull \vbox (badness 10000) has occurred while \output is active []

 [5 <../figures/SSDC_section_44.pdf> <../figures/layer_2_perm_int.png> <../figu
res/layer_2_perm_abl.png>]
<../figures/robustness_pointplot.pdf, id=253, 245.718pt x 180.675pt>
File: ../figures/robustness_pointplot.pdf Graphic file (type pdf)
<use ../figures/robustness_pointplot.pdf>
Package pdftex.def Info: ../figures/robustness_pointplot.pdf  used on input lin
e 269.
(pdftex.def)             Requested size: 199.64731pt x 146.80634pt.
<../figures/robustness_pointplot_GB.pdf, id=254, 245.718pt x 180.675pt>
File: ../figures/robustness_pointplot_GB.pdf Graphic file (type pdf)
<use ../figures/robustness_pointplot_GB.pdf>
Package pdftex.def Info: ../figures/robustness_pointplot_GB.pdf  used on input 
line 276.
(pdftex.def)             Requested size: 199.64731pt x 146.80634pt.

Underfull \vbox (badness 1057) has occurred while \output is active []

 [6 <../figures/robustness_pointplot.pdf> <../figures/robustness_pointplot_GB.p
df>]
Underfull \vbox (badness 10000) has occurred while \output is active []


Underfull \vbox (badness 10000) has occurred while \output is active []

 [7]
Underfull \vbox (badness 10000) has occurred while \output is active []


(./main.bbl
LaTeX Font Info:    Trying to load font information for OT1+pcr on input line 2
1.
 (/usr/share/texlive/texmf-dist/tex/latex/psnfss/ot1pcr.fd
File: ot1pcr.fd 2001/06/04 font definitions for OT1/pcr.
)
Package microtype Info: Loading generic protrusion settings for font family
(microtype)             `pcr' (encoding: OT1).
(microtype)             For optimal results, create family-specific settings.
(microtype)             See the microtype manual for details.
 [8]
Underfull \hbox (badness 1087) in paragraph at lines 59--67
\OT1/ptm/m/it/10 (+20) former Cir-cuits Thread\OT1/ptm/m/n/10 (+20) , 2021.  ht
tps://transformer-
 []


Underfull \hbox (badness 1194) in paragraph at lines 107--115
\OT1/ptm/m/n/10 (+20) pp. 9992--10002. IEEE Com-puter So-ci-ety, Oc-to-ber
 []


Underfull \hbox (badness 10000) in paragraph at lines 107--115
[]$\OT1/pcr/m/n/10 https : / / doi . ieeecomputersociety . org /
 []

) [9] [10

] [11]
<../figures/layer_0_untrained_NPI.png, id=376, 462.528pt x 346.896pt>
File: ../figures/layer_0_untrained_NPI.png Graphic file (type png)
<use ../figures/layer_0_untrained_NPI.png>
Package pdftex.def Info: ../figures/layer_0_untrained_NPI.png  used on input li
ne 473.
(pdftex.def)             Requested size: 268.30385pt x 201.23686pt.
<../figures/layer_2_untrained_NPI.png, id=377, 462.528pt x 346.896pt>
File: ../figures/layer_2_untrained_NPI.png Graphic file (type png)
<use ../figures/layer_2_untrained_NPI.png>
Package pdftex.def Info: ../figures/layer_2_untrained_NPI.png  used on input li
ne 475.
(pdftex.def)             Requested size: 268.30385pt x 201.23686pt.
 [12

 <../figures/layer_0_untrained_NPI.png> <../figures/layer_2_untrained_NPI.png>]
<../figures/Appendix_SSDC_C1.pdf, id=386, 319.01646pt x 228.00833pt>
File: ../figures/Appendix_SSDC_C1.pdf Graphic file (type pdf)
<use ../figures/Appendix_SSDC_C1.pdf>
Package pdftex.def Info: ../figures/Appendix_SSDC_C1.pdf  used on input line 50
5.
(pdftex.def)             Requested size: 234.15271pt x 167.35272pt.
<../figures/layer_2_untrained_intact.png, id=387, 462.528pt x 346.896pt>
File: ../figures/layer_2_untrained_intact.png Graphic file (type png)
<use ../figures/layer_2_untrained_intact.png>
Package pdftex.def Info: ../figures/layer_2_untrained_intact.png  used on input
 line 511.
(pdftex.def)             Requested size: 234.15271pt x 175.61778pt.
 [13

 <../figures/Appendix_SSDC_C1.pdf> <../figures/layer_2_untrained_intact.png>]
<../figures/APP_MCS_C3.pdf, id=407, 319.17519pt x 224.57362pt>
File: ../figures/APP_MCS_C3.pdf Graphic file (type pdf)
<use ../figures/APP_MCS_C3.pdf>
Package pdftex.def Info: ../figures/APP_MCS_C3.pdf  used on input line 529.
(pdftex.def)             Requested size: 234.15271pt x 164.7495pt.
<../figures/APP_ERM_C3.pdf, id=408, 319.01646pt x 224.57362pt>
File: ../figures/APP_ERM_C3.pdf Graphic file (type pdf)
<use ../figures/APP_ERM_C3.pdf>
Package pdftex.def Info: ../figures/APP_ERM_C3.pdf  used on input line 535.
(pdftex.def)             Requested size: 234.15271pt x 164.83174pt.
<../figures/APP_SSDC_C3.pdf, id=409, 319.01646pt x 224.57362pt>
File: ../figures/APP_SSDC_C3.pdf Graphic file (type pdf)
<use ../figures/APP_SSDC_C3.pdf>
Package pdftex.def Info: ../figures/APP_SSDC_C3.pdf  used on input line 541.
(pdftex.def)             Requested size: 234.15271pt x 164.83174pt.

Underfull \vbox (badness 10000) has occurred while \output is active []

 [14

 <../figures/APP_MCS_C3.pdf> <../figures/APP_ERM_C3.pdf> <../figures/APP_SSDC_C
3.pdf>]
<../figures/Appendix_normal_acc_C4.pdf, id=449, 245.718pt x 180.675pt>
File: ../figures/Appendix_normal_acc_C4.pdf Graphic file (type pdf)
<use ../figures/Appendix_normal_acc_C4.pdf>
Package pdftex.def Info: ../figures/Appendix_normal_acc_C4.pdf  used on input l
ine 557.
(pdftex.def)             Requested size: 156.10677pt x 114.79074pt.
<../figures/Appendix_stylized_acc_C4.pdf, id=450, 245.718pt x 180.675pt>
File: ../figures/Appendix_stylized_acc_C4.pdf Graphic file (type pdf)
<use ../figures/Appendix_stylized_acc_C4.pdf>
Package pdftex.def Info: ../figures/Appendix_stylized_acc_C4.pdf  used on input
 line 563.
(pdftex.def)             Requested size: 156.10677pt x 114.79074pt.
<../figures/Appendix_gaussian_acc_C4.pdf, id=451, 245.718pt x 180.675pt>
File: ../figures/Appendix_gaussian_acc_C4.pdf Graphic file (type pdf)
<use ../figures/Appendix_gaussian_acc_C4.pdf>
Package pdftex.def Info: ../figures/Appendix_gaussian_acc_C4.pdf  used on input
 line 569.
(pdftex.def)             Requested size: 156.10677pt x 114.79074pt.
<../figures/APP_SSDC_D1.pdf, id=452, 319.03404pt x 224.57362pt>
File: ../figures/APP_SSDC_D1.pdf Graphic file (type pdf)
<use ../figures/APP_SSDC_D1.pdf>
Package pdftex.def Info: ../figures/APP_SSDC_D1.pdf  used on input line 582.
(pdftex.def)             Requested size: 234.15271pt x 164.82489pt.
<../figures/APP_ERM_D1.pdf, id=453, 319.01646pt x 224.40263pt>
File: ../figures/APP_ERM_D1.pdf Graphic file (type pdf)
<use ../figures/APP_ERM_D1.pdf>
Package pdftex.def Info: ../figures/APP_ERM_D1.pdf  used on input line 587.
(pdftex.def)             Requested size: 234.15271pt x 164.70625pt.
[15 <../figures/Appendix_normal_acc_C4.pdf> <../figures/Appendix_stylized_acc_C
4.pdf> <../figures/Appendix_gaussian_acc_C4.pdf>] [16 <../figures/APP_SSDC_D1.p
df> <../figures/APP_ERM_D1.pdf>] (./main.aux)
 ***********
LaTeX2e <2023-11-01> patch level 1
L3 programming layer <2024-01-22>
 ***********
Package rerunfilecheck Info: File `main.out' has not changed.
(rerunfilecheck)             Checksum: 3250D7382C38157F606C396B2D49B803;7004.
 ) 
Here is how much of TeX's memory you used:
 16255 strings out of 474222
 260576 string characters out of 5748732
 1950975 words of memory out of 5000000
 37791 multiletter control sequences out of 15000+600000
 599973 words of font info for 348 fonts, out of 8000000 for 9000
 1141 hyphenation exceptions out of 8191
 75i,11n,79p,1707b,630s stack positions out of 10000i,1000n,20000p,200000b,200000s
</usr/share/texlive/texmf-dist/fonts/type1/public/amsfonts/cm/cmbx10.pfb></us
r/share/texlive/texmf-dist/fonts/type1/public/amsfonts/cm/cmex10.pfb></usr/shar
e/texlive/texmf-dist/fonts/type1/public/amsfonts/cm/cmmi10.pfb></usr/share/texl
ive/texmf-dist/fonts/type1/public/amsfonts/cm/cmmi7.pfb></usr/share/texlive/tex
mf-dist/fonts/type1/public/amsfonts/cm/cmmi9.pfb></usr/share/texlive/texmf-dist
/fonts/type1/public/amsfonts/cm/cmr10.pfb></usr/share/texlive/texmf-dist/fonts/
type1/public/amsfonts/cm/cmr7.pfb></usr/share/texlive/texmf-dist/fonts/type1/pu
blic/amsfonts/cm/cmsy10.pfb></usr/share/texlive/texmf-dist/fonts/type1/public/a
msfonts/cm/cmsy7.pfb></usr/share/texlive/texmf-dist/fonts/type1/public/amsfonts
/symbols/msbm10.pfb></usr/share/texlive/texmf-dist/fonts/type1/urw/courier/ucrr
8a.pfb></usr/share/texlive/texmf-dist/fonts/type1/urw/times/utmb8a.pfb></usr/sh
are/texlive/texmf-dist/fonts/type1/urw/times/utmr8a.pfb></usr/share/texlive/tex
mf-dist/fonts/type1/urw/times/utmri8a.pfb>
Output written on main.pdf (16 pages, 576149 bytes).
PDF statistics:
 592 PDF objects out of 1000 (max. 8388607)
 430 compressed objects within 5 object streams
 76 named destinations out of 1000 (max. 500000)
 56182 words of extra memory for PDF output out of 61914 (max. 10000000)

